#
# A fatal error has been detected by the Java Runtime Environment:
#
#  EXCEPTION_ACCESS_VIOLATION (0xc0000005) at pc=0x00000000617a9478, pid=2148, tid=0x0000000000001f48
#
# JRE version: Java(TM) SE Runtime Environment (8.0_191-b12) (build 1.8.0_191-b12)
# Java VM: Java HotSpot(TM) 64-Bit Server VM (25.191-b12 mixed mode windows-amd64 compressed oops)
# Problematic frame:
# V  [jvm.dll+0x579478]
#
# Failed to write core dump. Minidumps are not enabled by default on client versions of Windows
#
# If you would like to submit a bug report, please visit:
#   http://bugreport.java.com/bugreport/crash.jsp
#

---------------  T H R E A D  ---------------

Current thread (0x000000001781b800):  JavaThread "C2 CompilerThread0" daemon [_thread_in_native, id=8008, stack(0x0000000018e60000,0x0000000018f60000)]

siginfo: ExceptionCode=0xc0000005, reading address 0x000000007fffffff

Registers:
RAX=0x000000001c81f278, RBX=0x0000000000000004, RCX=0x000000007fffffff, RDX=0x0000000061816338
RSP=0x0000000018f5c068, RBP=0x0000000000000000, RSI=0x0000000000000008, RDI=0x0000000000000000
R8 =0x0000000000000000, R9 =0x0000000000000000, R10=0x0000000061816338, R11=0x0000000018f5c060
R12=0x000000001a0c7208, R13=0x000000001a0c7180, R14=0x0000000018f5c660, R15=0x000000001a0c7218
RIP=0x00000000617a9478, EFLAGS=0x0000000000010246

Top of Stack: (sp=0x0000000018f5c068)
0x0000000018f5c068:   000000006177217e 0000000000000004
0x0000000018f5c078:   0000000000000008 0000000000000000
0x0000000018f5c088:   000000001a0c7208 0000000000000008
0x0000000018f5c098:   0000000000000000 000000006182b7e8
0x0000000018f5c0a8:   0000000018f5c218 0000000018f5c2e8
0x0000000018f5c0b8:   000000006152afac 0000000000000008
0x0000000018f5c0c8:   ffffffffffffffff 00000008ffffffff
0x0000000018f5c0d8:   0000000061816338 0000000000000000
0x0000000018f5c0e8:   0000000000000003 0000000061816338
0x0000000018f5c0f8:   0000000000000000 0000000000000008
0x0000000018f5c108:   ffffffffffffffff 00000008ffffffff
0x0000000018f5c118:   0000000061816338 0000000000000000
0x0000000018f5c128:   0000000000000003 0000000061816338
0x0000000018f5c138:   0000000000000000 00000000ffffffff
0x0000000018f5c148:   000000001c868060 0000000000000048
0x0000000018f5c158:   fffffffffffffc20 000000001a0c7180 

Instructions: (pc=0x00000000617a9478)
0x00000000617a9458:   48 8d 05 c9 8c 26 00 48 c1 e1 05 8b 04 01 c3 cc
0x00000000617a9468:   cc cc cc cc cc cc cc cc 48 8b 41 08 48 8b 48 18
0x00000000617a9478:   48 8b 01 48 ff a0 80 00 00 00 cc cc cc cc cc cc
0x00000000617a9488:   cc cc cc cc cc cc cc cc 48 8b 41 08 48 8b 48 18 


Register to memory mapping:

RAX=0x000000001c81f278 is an unknown value
RBX=0x0000000000000004 is an unknown value
RCX=0x000000007fffffff is an unknown value
RDX=0x0000000061816338 is an unknown value
RSP=0x0000000018f5c068 is pointing into the stack for thread: 0x000000001781b800
RBP=0x0000000000000000 is an unknown value
RSI=0x0000000000000008 is an unknown value
RDI=0x0000000000000000 is an unknown value
R8 =0x0000000000000000 is an unknown value
R9 =0x0000000000000000 is an unknown value
R10=0x0000000061816338 is an unknown value
R11=0x0000000018f5c060 is pointing into the stack for thread: 0x000000001781b800
R12=0x000000001a0c7208 is an unknown value
R13=0x000000001a0c7180 is an unknown value
R14=0x0000000018f5c660 is pointing into the stack for thread: 0x000000001781b800
R15=0x000000001a0c7218 is an unknown value


Stack: [0x0000000018e60000,0x0000000018f60000],  sp=0x0000000018f5c068,  free space=1008k
Native frames: (J=compiled Java code, j=interpreted, Vv=VM code, C=native code)


Current CompileTask:
C2:  34967 5074       4       org.h2.command.Parser::parseSelectSimpleSelectPart (239 bytes)


---------------  P R O C E S S  ---------------

Java Threads: ( => current thread )
  0x000000001a299800 JavaThread "MVStore background writer nio:C:/Users/Vladimir.JOVICIC/test.mv.db" daemon [_thread_blocked, id=1076, stack(0x0000000023010000,0x0000000023110000)]
  0x000000001a293800 JavaThread "DestroyJavaVM" [_thread_blocked, id=6796, stack(0x0000000002ab0000,0x0000000002bb0000)]
  0x000000001a290000 JavaThread "http-nio-8080-AsyncTimeout" daemon [_thread_blocked, id=7956, stack(0x0000000022a10000,0x0000000022b10000)]
  0x000000001a296800 JavaThread "http-nio-8080-Acceptor-0" daemon [_thread_in_native, id=10880, stack(0x0000000022910000,0x0000000022a10000)]
  0x000000001a28c000 JavaThread "http-nio-8080-ClientPoller-1" daemon [_thread_in_native, id=7200, stack(0x0000000022810000,0x0000000022910000)]
  0x000000001a293000 JavaThread "http-nio-8080-ClientPoller-0" daemon [_thread_in_native, id=6996, stack(0x0000000022710000,0x0000000022810000)]
  0x000000001a292000 JavaThread "http-nio-8080-exec-10" daemon [_thread_blocked, id=2972, stack(0x0000000022610000,0x0000000022710000)]
  0x000000001a28e800 JavaThread "http-nio-8080-exec-9" daemon [_thread_blocked, id=7264, stack(0x0000000022510000,0x0000000022610000)]
  0x000000001a291800 JavaThread "http-nio-8080-exec-8" daemon [_thread_in_Java, id=7000, stack(0x0000000022410000,0x0000000022510000)]
  0x000000001a28b800 JavaThread "http-nio-8080-exec-7" daemon [_thread_blocked, id=6868, stack(0x0000000022310000,0x0000000022410000)]
  0x000000001a28d800 JavaThread "http-nio-8080-exec-6" daemon [_thread_blocked, id=10896, stack(0x0000000022210000,0x0000000022310000)]
  0x000000001a290800 JavaThread "http-nio-8080-exec-5" daemon [_thread_blocked, id=10020, stack(0x0000000022110000,0x0000000022210000)]
  0x000000001a28f000 JavaThread "http-nio-8080-exec-4" daemon [_thread_blocked, id=2656, stack(0x0000000022010000,0x0000000022110000)]
  0x000000001a28d000 JavaThread "http-nio-8080-exec-3" daemon [_thread_blocked, id=9068, stack(0x0000000021f10000,0x0000000022010000)]
  0x000000001deea000 JavaThread "http-nio-8080-exec-2" daemon [_thread_blocked, id=6564, stack(0x0000000021e10000,0x0000000021f10000)]
  0x000000001dee4000 JavaThread "http-nio-8080-exec-1" daemon [_thread_blocked, id=11056, stack(0x0000000021d10000,0x0000000021e10000)]
  0x000000001dee5000 JavaThread "NioBlockingSelector.BlockPoller-1" daemon [_thread_in_native, id=8768, stack(0x0000000021c10000,0x0000000021d10000)]
  0x000000001dee9800 JavaThread "H2 Log Writer NEXIN" daemon [_thread_blocked, id=4156, stack(0x0000000020f10000,0x0000000021010000)]
  0x000000001dee8800 JavaThread "H2 File Lock Watchdog C:/Users/Vladimir.JOVICIC/nexin.lock.db" daemon [_thread_blocked, id=4948, stack(0x0000000020e10000,0x0000000020f10000)]
  0x000000001dee8000 JavaThread "Tomcat JDBC Pool Cleaner[1943105171:1547459643283]" daemon [_thread_blocked, id=892, stack(0x000000001f7d0000,0x000000001f8d0000)]
  0x000000001dee3800 JavaThread "container-0" [_thread_blocked, id=2612, stack(0x000000001f6d0000,0x000000001f7d0000)]
  0x000000001dee6800 JavaThread "ContainerBackgroundProcessor[StandardEngine[Tomcat]]" daemon [_thread_blocked, id=9784, stack(0x000000001e360000,0x000000001e460000)]
  0x00000000191a0000 JavaThread "Service Thread" daemon [_thread_blocked, id=8936, stack(0x0000000019560000,0x0000000019660000)]
  0x000000001782a000 JavaThread "C1 CompilerThread2" daemon [_thread_blocked, id=4868, stack(0x0000000019060000,0x0000000019160000)]
  0x0000000017823000 JavaThread "C2 CompilerThread1" daemon [_thread_in_native, id=10288, stack(0x0000000018f60000,0x0000000019060000)]
=>0x000000001781b800 JavaThread "C2 CompilerThread0" daemon [_thread_in_native, id=8008, stack(0x0000000018e60000,0x0000000018f60000)]
  0x0000000017819800 JavaThread "Attach Listener" daemon [_thread_blocked, id=5024, stack(0x0000000018d60000,0x0000000018e60000)]
  0x0000000017817800 JavaThread "Signal Dispatcher" daemon [_thread_blocked, id=7964, stack(0x0000000018c60000,0x0000000018d60000)]
  0x00000000177fa800 JavaThread "Finalizer" daemon [_thread_blocked, id=9880, stack(0x0000000018a70000,0x0000000018b70000)]
  0x0000000002d14000 JavaThread "Reference Handler" daemon [_thread_blocked, id=11120, stack(0x0000000018970000,0x0000000018a70000)]

Other Threads:
  0x00000000177d7800 VMThread [stack: 0x0000000018870000,0x0000000018970000] [id=3200]
  0x000000001786d800 WatcherThread [stack: 0x0000000019660000,0x0000000019760000] [id=11704]

VM state:not at safepoint (normal execution)

VM Mutex/Monitor currently owned by a thread: None

Heap:
 PSYoungGen      total 212992K, used 68482K [0x00000000d6000000, 0x00000000e4780000, 0x0000000100000000)
  eden space 202752K, 28% used [0x00000000d6000000,0x00000000d9913058,0x00000000e2600000)
  from space 10240K, 98% used [0x00000000e3d80000,0x00000000e474db40,0x00000000e4780000)
  to   space 16896K, 0% used [0x00000000e2680000,0x00000000e2680000,0x00000000e3700000)
 ParOldGen       total 94720K, used 22549K [0x0000000082000000, 0x0000000087c80000, 0x00000000d6000000)
  object space 94720K, 23% used [0x0000000082000000,0x0000000083605558,0x0000000087c80000)
 Metaspace       used 47275K, capacity 47614K, committed 48128K, reserved 1091584K
  class space    used 5925K, capacity 6023K, committed 6144K, reserved 1048576K

Card table byte_map: [0x00000000120e0000,0x00000000124e0000] byte_map_base: 0x0000000011cd0000

Marking Bits: (ParMarkBitMap*) 0x0000000061a53e30
 Begin Bits: [0x0000000012b80000, 0x0000000014b00000)
 End Bits:   [0x0000000014b00000, 0x0000000016a80000)

Polling page: 0x0000000000e10000

CodeCache: size=245760Kb used=16874Kb max_used=16881Kb free=228886Kb
 bounds [0x0000000002d20000, 0x0000000003dc0000, 0x0000000011d20000]
 total_blobs=4889 nmethods=4363 adapters=438
 compilation: enabled

Compilation events (10 events):
Event: 34.916 Thread 0x000000001781b800 5071       4       org.h2.expression.Function::getDisplaySize (20 bytes)
Event: 34.916 Thread 0x000000001782a000 5072       3       org.h2.result.SortOrder::getSQL (152 bytes)
Event: 34.916 Thread 0x0000000017823000 5073       4       org.h2.index.IndexCursor::setIndex (92 bytes)
Event: 34.917 Thread 0x000000001781b800 nmethod 5071 0x0000000003d6cbd0 code [0x0000000003d6cd00, 0x0000000003d6cd98]
Event: 34.918 Thread 0x000000001782a000 nmethod 5072 0x0000000003da3510 code [0x0000000003da3840, 0x0000000003da53d8]
Event: 34.919 Thread 0x000000001781b800 5074       4       org.h2.command.Parser::parseSelectSimpleSelectPart (239 bytes)
Event: 34.922 Thread 0x000000001782a000 5076       1       org.h2.command.Command::canReuse (5 bytes)
Event: 34.923 Thread 0x000000001782a000 nmethod 5076 0x0000000003d9c710 code [0x0000000003d9c860, 0x0000000003d9c970]
Event: 34.932 Thread 0x0000000017823000 nmethod 5073 0x0000000003d9fad0 code [0x0000000003d9fc60, 0x0000000003da08d8]
Event: 34.932 Thread 0x0000000017823000 5075       4       org.h2.expression.Function::optimize (1346 bytes)

GC Heap History (10 events):
Event: 3.604 GC heap before
{Heap before GC invocations=8 (full 1):
 PSYoungGen      total 114688K, used 114687K [0x00000000d6000000, 0x00000000df100000, 0x0000000100000000)
  eden space 105984K, 100% used [0x00000000d6000000,0x00000000dc780000,0x00000000dc780000)
  from space 8704K, 99% used [0x00000000de880000,0x00000000df0fffb0,0x00000000df100000)
  to   space 10240K, 0% used [0x00000000ddd00000,0x00000000ddd00000,0x00000000de700000)
 ParOldGen       total 55296K, used 7765K [0x0000000082000000, 0x0000000085600000, 0x00000000d6000000)
  object space 55296K, 14% used [0x0000000082000000,0x0000000082795470,0x0000000085600000)
 Metaspace       used 30219K, capacity 30574K, committed 30720K, reserved 1077248K
  class space    used 3724K, capacity 3834K, committed 3840K, reserved 1048576K
Event: 3.617 GC heap after
Heap after GC invocations=8 (full 1):
 PSYoungGen      total 138240K, used 10221K [0x00000000d6000000, 0x00000000e1d00000, 0x0000000100000000)
  eden space 128000K, 0% used [0x00000000d6000000,0x00000000d6000000,0x00000000ddd00000)
  from space 10240K, 99% used [0x00000000ddd00000,0x00000000de6fb548,0x00000000de700000)
  to   space 12800K, 0% used [0x00000000e1080000,0x00000000e1080000,0x00000000e1d00000)
 ParOldGen       total 55296K, used 10765K [0x0000000082000000, 0x0000000085600000, 0x00000000d6000000)
  object space 55296K, 19% used [0x0000000082000000,0x0000000082a83430,0x0000000085600000)
 Metaspace       used 30219K, capacity 30574K, committed 30720K, reserved 1077248K
  class space    used 3724K, capacity 3834K, committed 3840K, reserved 1048576K
}
Event: 4.051 GC heap before
{Heap before GC invocations=9 (full 1):
 PSYoungGen      total 138240K, used 48916K [0x00000000d6000000, 0x00000000e1d00000, 0x0000000100000000)
  eden space 128000K, 30% used [0x00000000d6000000,0x00000000d85c9df0,0x00000000ddd00000)
  from space 10240K, 99% used [0x00000000ddd00000,0x00000000de6fb548,0x00000000de700000)
  to   space 12800K, 0% used [0x00000000e1080000,0x00000000e1080000,0x00000000e1d00000)
 ParOldGen       total 55296K, used 10765K [0x0000000082000000, 0x0000000085600000, 0x00000000d6000000)
  object space 55296K, 19% used [0x0000000082000000,0x0000000082a83430,0x0000000085600000)
 Metaspace       used 34985K, capacity 35282K, committed 35456K, reserved 1081344K
  class space    used 4331K, capacity 4416K, committed 4480K, reserved 1048576K
Event: 4.064 GC heap after
Heap after GC invocations=9 (full 1):
 PSYoungGen      total 177664K, used 12792K [0x00000000d6000000, 0x00000000e4600000, 0x0000000100000000)
  eden space 164864K, 0% used [0x00000000d6000000,0x00000000d6000000,0x00000000e0100000)
  from space 12800K, 99% used [0x00000000e1080000,0x00000000e1cfe2c0,0x00000000e1d00000)
  to   space 15872K, 0% used [0x00000000e0100000,0x00000000e0100000,0x00000000e1080000)
 ParOldGen       total 55296K, used 14750K [0x0000000082000000, 0x0000000085600000, 0x00000000d6000000)
  object space 55296K, 26% used [0x0000000082000000,0x0000000082e67ba8,0x0000000085600000)
 Metaspace       used 34985K, capacity 35282K, committed 35456K, reserved 1081344K
  class space    used 4331K, capacity 4416K, committed 4480K, reserved 1048576K
}
Event: 4.064 GC heap before
{Heap before GC invocations=10 (full 2):
 PSYoungGen      total 177664K, used 12792K [0x00000000d6000000, 0x00000000e4600000, 0x0000000100000000)
  eden space 164864K, 0% used [0x00000000d6000000,0x00000000d6000000,0x00000000e0100000)
  from space 12800K, 99% used [0x00000000e1080000,0x00000000e1cfe2c0,0x00000000e1d00000)
  to   space 15872K, 0% used [0x00000000e0100000,0x00000000e0100000,0x00000000e1080000)
 ParOldGen       total 55296K, used 14750K [0x0000000082000000, 0x0000000085600000, 0x00000000d6000000)
  object space 55296K, 26% used [0x0000000082000000,0x0000000082e67ba8,0x0000000085600000)
 Metaspace       used 34985K, capacity 35282K, committed 35456K, reserved 1081344K
  class space    used 4331K, capacity 4416K, committed 4480K, reserved 1048576K
Event: 4.142 GC heap after
Heap after GC invocations=10 (full 2):
 PSYoungGen      total 177664K, used 0K [0x00000000d6000000, 0x00000000e4600000, 0x0000000100000000)
  eden space 164864K, 0% used [0x00000000d6000000,0x00000000d6000000,0x00000000e0100000)
  from space 12800K, 0% used [0x00000000e1080000,0x00000000e1080000,0x00000000e1d00000)
  to   space 15872K, 0% used [0x00000000e0100000,0x00000000e0100000,0x00000000e1080000)
 ParOldGen       total 94720K, used 22533K [0x0000000082000000, 0x0000000087c80000, 0x00000000d6000000)
  object space 94720K, 23% used [0x0000000082000000,0x0000000083601558,0x0000000087c80000)
 Metaspace       used 34985K, capacity 35282K, committed 35456K, reserved 1081344K
  class space    used 4331K, capacity 4416K, committed 4480K, reserved 1048576K
}
Event: 5.649 GC heap before
{Heap before GC invocations=11 (full 2):
 PSYoungGen      total 177664K, used 164864K [0x00000000d6000000, 0x00000000e4600000, 0x0000000100000000)
  eden space 164864K, 100% used [0x00000000d6000000,0x00000000e0100000,0x00000000e0100000)
  from space 12800K, 0% used [0x00000000e1080000,0x00000000e1080000,0x00000000e1d00000)
  to   space 15872K, 0% used [0x00000000e0100000,0x00000000e0100000,0x00000000e1080000)
 ParOldGen       total 94720K, used 22533K [0x0000000082000000, 0x0000000087c80000, 0x00000000d6000000)
  object space 94720K, 23% used [0x0000000082000000,0x0000000083601558,0x0000000087c80000)
 Metaspace       used 43975K, capacity 44272K, committed 44544K, reserved 1087488K
  class space    used 5670K, capacity 5765K, committed 5888K, reserved 1048576K
Event: 5.662 GC heap after
Heap after GC invocations=11 (full 2):
 PSYoungGen      total 180736K, used 14634K [0x00000000d6000000, 0x00000000e4e80000, 0x0000000100000000)
  eden space 164864K, 0% used [0x00000000d6000000,0x00000000d6000000,0x00000000e0100000)
  from space 15872K, 92% used [0x00000000e0100000,0x00000000e0f4abe0,0x00000000e1080000)
  to   space 17408K, 0% used [0x00000000e3d80000,0x00000000e3d80000,0x00000000e4e80000)
 ParOldGen       total 94720K, used 22541K [0x0000000082000000, 0x0000000087c80000, 0x00000000d6000000)
  object space 94720K, 23% used [0x0000000082000000,0x0000000083603558,0x0000000087c80000)
 Metaspace       used 43975K, capacity 44272K, committed 44544K, reserved 1087488K
  class space    used 5670K, capacity 5765K, committed 5888K, reserved 1048576K
}
Event: 34.377 GC heap before
{Heap before GC invocations=12 (full 2):
 PSYoungGen      total 180736K, used 179498K [0x00000000d6000000, 0x00000000e4e80000, 0x0000000100000000)
  eden space 164864K, 100% used [0x00000000d6000000,0x00000000e0100000,0x00000000e0100000)
  from space 15872K, 92% used [0x00000000e0100000,0x00000000e0f4abe0,0x00000000e1080000)
  to   space 17408K, 0% used [0x00000000e3d80000,0x00000000e3d80000,0x00000000e4e80000)
 ParOldGen       total 94720K, used 22541K [0x0000000082000000, 0x0000000087c80000, 0x00000000d6000000)
  object space 94720K, 23% used [0x0000000082000000,0x0000000083603558,0x0000000087c80000)
 Metaspace       used 47182K, capacity 47540K, committed 47872K, reserved 1091584K
  class space    used 5925K, capacity 6023K, committed 6144K, reserved 1048576K
Event: 34.388 GC heap after
Heap after GC invocations=12 (full 2):
 PSYoungGen      total 212992K, used 10038K [0x00000000d6000000, 0x00000000e4780000, 0x0000000100000000)
  eden space 202752K, 0% used [0x00000000d6000000,0x00000000d6000000,0x00000000e2600000)
  from space 10240K, 98% used [0x00000000e3d80000,0x00000000e474db40,0x00000000e4780000)
  to   space 16896K, 0% used [0x00000000e2680000,0x00000000e2680000,0x00000000e3700000)
 ParOldGen       total 94720K, used 22549K [0x0000000082000000, 0x0000000087c80000, 0x00000000d6000000)
  object space 94720K, 23% used [0x0000000082000000,0x0000000083605558,0x0000000087c80000)
 Metaspace       used 47182K, capacity 47540K, committed 47872K, reserved 1091584K
  class space    used 5925K, capacity 6023K, committed 6144K, reserved 1048576K
}

Deoptimization events (10 events):
Event: 5.326 Thread 0x0000000002c25000 Uncommon trap: reason=unstable_if action=reinterpret pc=0x0000000003a7ac08 method=java.util.concurrent.ConcurrentHashMap.transfer([Ljava/util/concurrent/ConcurrentHashMap$Node;[Ljava/util/concurrent/ConcurrentHashMap$Node;)V @ 356
Event: 5.327 Thread 0x0000000002c25000 Uncommon trap: reason=unstable_if action=reinterpret pc=0x0000000003a21424 method=java.util.concurrent.ConcurrentHashMap.transfer([Ljava/util/concurrent/ConcurrentHashMap$Node;[Ljava/util/concurrent/ConcurrentHashMap$Node;)V @ 356
Event: 5.433 Thread 0x0000000002c25000 Uncommon trap: reason=unstable_if action=reinterpret pc=0x0000000003290098 method=java.io.WinNTFileSystem.isLetter(C)Z @ 3
Event: 5.645 Thread 0x0000000002c25000 Uncommon trap: reason=unstable_if action=reinterpret pc=0x00000000037ee85c method=java.lang.Class$MethodArray.addIfNotPresent(Ljava/lang/reflect/Method;)V @ 19
Event: 5.676 Thread 0x0000000002c25000 Uncommon trap: reason=unstable_if action=reinterpret pc=0x0000000003794c14 method=org.springframework.util.ConcurrentReferenceHashMap$Segment.clear()V @ 4
Event: 17.580 Thread 0x000000001a28e800 Uncommon trap: reason=unstable_if action=reinterpret pc=0x0000000003135ab0 method=org.h2.table.TableFilter.getTableAlias()Ljava/lang/String; @ 4
Event: 33.997 Thread 0x000000001a28f000 Uncommon trap: reason=class_check action=maybe_recompile pc=0x00000000035fbb18 method=org.h2.expression.ConditionAndOr.getValue(Lorg/h2/engine/Session;)Lorg/h2/value/Value; @ 5
Event: 33.997 Thread 0x000000001a28f000 Uncommon trap: reason=class_check action=maybe_recompile pc=0x00000000035fbb18 method=org.h2.expression.ConditionAndOr.getValue(Lorg/h2/engine/Session;)Lorg/h2/value/Value; @ 5
Event: 33.997 Thread 0x000000001a28f000 Uncommon trap: reason=class_check action=maybe_recompile pc=0x00000000035fbb18 method=org.h2.expression.ConditionAndOr.getValue(Lorg/h2/engine/Session;)Lorg/h2/value/Value; @ 5
Event: 33.997 Thread 0x000000001a28f000 Uncommon trap: reason=class_check action=maybe_recompile pc=0x00000000035fbb18 method=org.h2.expression.ConditionAndOr.getValue(Lorg/h2/engine/Session;)Lorg/h2/value/Value; @ 5

Classes redefined (0 events):
No events

Internal exceptions (10 events):
Event: 5.596 Thread 0x0000000002c25000 Exception <a 'java/lang/ClassNotFoundException': org/springframework/boot/autoconfigure/web/WebClientAutoConfiguration$RestTemplateConfigurationCustomizer> (0x00000000df4c38d0) thrown at [C:\re\workspace\8-2-build-windows-amd64-cygwin\jdk8u191\11896\hotsp
Event: 5.597 Thread 0x0000000002c25000 Exception <a 'java/lang/ClassNotFoundException': org/springframework/boot/autoconfigure/web/WebClientAutoConfiguration$RestTemplateConfiguration$$EnhancerBySpringCGLIB$$dba4b899Customizer> (0x00000000df4e2658) thrown at [C:\re\workspace\8-2-build-windows-
Event: 5.597 Thread 0x0000000002c25000 Exception <a 'java/lang/ClassNotFoundException': org/springframework/context/annotation/ConfigurationClassEnhancer$EnhancedConfigurationCustomizer> (0x00000000df4ffc00) thrown at [C:\re\workspace\8-2-build-windows-amd64-cygwin\jdk8u191\11896\hotspot\src\s
Event: 5.605 Thread 0x0000000002c25000 Exception <a 'java/lang/ClassNotFoundException': org/springframework/boot/web/client/RestTemplateBuilderBeanInfo> (0x00000000df5a0f98) thrown at [C:\re\workspace\8-2-build-windows-amd64-cygwin\jdk8u191\11896\hotspot\src\share\vm\classfile\systemDictionary
Event: 5.605 Thread 0x0000000002c25000 Exception <a 'java/lang/ClassNotFoundException': org/springframework/boot/web/client/RestTemplateBuilderCustomizer> (0x00000000df5b1448) thrown at [C:\re\workspace\8-2-build-windows-amd64-cygwin\jdk8u191\11896\hotspot\src\share\vm\classfile\systemDictiona
Event: 5.607 Thread 0x0000000002c25000 Exception <a 'java/lang/ClassNotFoundException': java/lang/ObjectCustomizer> (0x00000000df5e4e98) thrown at [C:\re\workspace\8-2-build-windows-amd64-cygwin\jdk8u191\11896\hotspot\src\share\vm\classfile\systemDictionary.cpp, line 210]
Event: 5.608 Thread 0x0000000002c25000 Exception <a 'java/lang/ClassNotFoundException': org/springframework/boot/autoconfigure/web/WebClientAutoConfigurationCustomizer> (0x00000000df5fb990) thrown at [C:\re\workspace\8-2-build-windows-amd64-cygwin\jdk8u191\11896\hotspot\src\share\vm\classfile\
Event: 5.608 Thread 0x0000000002c25000 Exception <a 'java/lang/ClassNotFoundException': org/springframework/boot/autoconfigure/web/WebClientAutoConfiguration$$EnhancerBySpringCGLIB$$e5146635Customizer> (0x00000000df6159d0) thrown at [C:\re\workspace\8-2-build-windows-amd64-cygwin\jdk8u191\1189
Event: 5.609 Thread 0x0000000002c25000 Exception <a 'java/lang/ClassNotFoundException': org/springframework/context/annotation/ConfigurationClassEnhancer$EnhancedConfigurationCustomizer> (0x00000000df631480) thrown at [C:\re\workspace\8-2-build-windows-amd64-cygwin\jdk8u191\11896\hotspot\src\s
Event: 17.580 Thread 0x000000001a28e800 Implicit null exception at 0x0000000003135661 to 0x0000000003135a89

Events (10 events):
Event: 34.396 Thread 0x0000000017823000 flushing nmethod 0x000000000306c2d0
Event: 34.396 Thread 0x000000001782a000 flushing nmethod 0x0000000003189fd0
Event: 34.402 Thread 0x0000000017823000 flushing nmethod 0x0000000003422510
Event: 34.411 Thread 0x000000001782a000 flushing nmethod 0x00000000038ecbd0
Event: 34.411 Thread 0x000000001782a000 flushing nmethod 0x00000000038f2210
Event: 34.411 Thread 0x000000001782a000 flushing nmethod 0x00000000038f9f10
Event: 34.411 Thread 0x000000001782a000 flushing nmethod 0x00000000038fb090
Event: 34.411 Thread 0x000000001782a000 flushing nmethod 0x00000000038fb850
Event: 34.436 Thread 0x000000001a292000 DEOPT PACKING pc=0x000000000308384c sp=0x000000002270cb30
Event: 34.436 Thread 0x000000001a292000 DEOPT UNPACKING pc=0x0000000002d67490 sp=0x000000002270c8a8 mode 0


Dynamic libraries:
0x00007ff686620000 - 0x00007ff686657000 	C:\Program Files\Java\jdk1.8.0_191\bin\javaw.exe
0x00007ffd6be80000 - 0x00007ffd6c061000 	C:\WINDOWS\SYSTEM32\ntdll.dll
0x00007ffd69310000 - 0x00007ffd693c2000 	C:\WINDOWS\System32\KERNEL32.DLL
0x00007ffd68410000 - 0x00007ffd68683000 	C:\WINDOWS\System32\KERNELBASE.dll
0x0000000061f80000 - 0x0000000062015000 	C:\WINDOWS\System32\SYSFER.DLL
0x00007ffd6a030000 - 0x00007ffd6a0d1000 	C:\WINDOWS\System32\ADVAPI32.dll
0x00007ffd69b40000 - 0x00007ffd69bde000 	C:\WINDOWS\System32\msvcrt.dll
0x00007ffd695b0000 - 0x00007ffd6960b000 	C:\WINDOWS\System32\sechost.dll
0x00007ffd69cf0000 - 0x00007ffd69e14000 	C:\WINDOWS\System32\RPCRT4.dll
0x00007ffd6a0e0000 - 0x00007ffd6a270000 	C:\WINDOWS\System32\USER32.dll
0x00007ffd683f0000 - 0x00007ffd68410000 	C:\WINDOWS\System32\win32u.dll
0x00007ffd6bdc0000 - 0x00007ffd6bde8000 	C:\WINDOWS\System32\GDI32.dll
0x00007ffd69120000 - 0x00007ffd692b2000 	C:\WINDOWS\System32\gdi32full.dll
0x00007ffd68350000 - 0x00007ffd683ef000 	C:\WINDOWS\System32\msvcp_win.dll
0x00007ffd68250000 - 0x00007ffd6834a000 	C:\WINDOWS\System32\ucrtbase.dll
0x00007ffd587c0000 - 0x00007ffd58a29000 	C:\WINDOWS\WinSxS\amd64_microsoft.windows.common-controls_6595b64144ccf1df_6.0.17134.523_none_fb409dd930672a56\COMCTL32.dll
0x00007ffd6a590000 - 0x00007ffd6a8b2000 	C:\WINDOWS\System32\combase.dll
0x00007ffd690a0000 - 0x00007ffd6911a000 	C:\WINDOWS\System32\bcryptPrimitives.dll
0x00007ffd6a8c0000 - 0x00007ffd6a8ed000 	C:\WINDOWS\System32\IMM32.DLL
0x0000000061150000 - 0x0000000061222000 	C:\Program Files\Java\jdk1.8.0_191\jre\bin\msvcr100.dll
0x0000000061230000 - 0x0000000061ad4000 	C:\Program Files\Java\jdk1.8.0_191\jre\bin\server\jvm.dll
0x00007ffd69590000 - 0x00007ffd69598000 	C:\WINDOWS\System32\PSAPI.DLL
0x00007ffd581d0000 - 0x00007ffd581d9000 	C:\WINDOWS\SYSTEM32\WSOCK32.dll
0x00007ffd69be0000 - 0x00007ffd69c4c000 	C:\WINDOWS\System32\WS2_32.dll
0x00007ffd66300000 - 0x00007ffd66323000 	C:\WINDOWS\SYSTEM32\WINMM.dll
0x00007ffd5e9a0000 - 0x00007ffd5e9aa000 	C:\WINDOWS\SYSTEM32\VERSION.dll
0x00007ffd662d0000 - 0x00007ffd662fa000 	C:\WINDOWS\SYSTEM32\WINMMBASE.dll
0x00007ffd692c0000 - 0x00007ffd69309000 	C:\WINDOWS\System32\cfgmgr32.dll
0x0000000061140000 - 0x000000006114f000 	C:\Program Files\Java\jdk1.8.0_191\jre\bin\verify.dll
0x0000000061110000 - 0x0000000061139000 	C:\Program Files\Java\jdk1.8.0_191\jre\bin\java.dll
0x00000000610f0000 - 0x0000000061106000 	C:\Program Files\Java\jdk1.8.0_191\jre\bin\zip.dll
0x00007ffd6a980000 - 0x00007ffd6bdc0000 	C:\WINDOWS\System32\SHELL32.dll
0x00007ffd69f80000 - 0x00007ffd6a029000 	C:\WINDOWS\System32\shcore.dll
0x00007ffd68990000 - 0x00007ffd6909d000 	C:\WINDOWS\System32\windows.storage.dll
0x00007ffd69610000 - 0x00007ffd69661000 	C:\WINDOWS\System32\shlwapi.dll
0x00007ffd681b0000 - 0x00007ffd681c1000 	C:\WINDOWS\System32\kernel.appcore.dll
0x00007ffd68230000 - 0x00007ffd6824f000 	C:\WINDOWS\System32\profapi.dll
0x00007ffd681e0000 - 0x00007ffd6822c000 	C:\WINDOWS\System32\powrprof.dll
0x00007ffd681d0000 - 0x00007ffd681da000 	C:\WINDOWS\System32\FLTLIB.DLL
0x0000000061060000 - 0x000000006106d000 	C:\Program Files\Java\jdk1.8.0_191\jre\bin\management.dll
0x00000000610d0000 - 0x00000000610ea000 	C:\Program Files\Java\jdk1.8.0_191\jre\bin\net.dll
0x00007ffd67a10000 - 0x00007ffd67a76000 	C:\WINDOWS\system32\mswsock.dll
0x00007ffd5e840000 - 0x00007ffd5e856000 	C:\WINDOWS\system32\napinsp.dll
0x00007ffd5b710000 - 0x00007ffd5b72a000 	C:\WINDOWS\system32\pnrpnsp.dll
0x00007ffd5ebb0000 - 0x00007ffd5ebc9000 	C:\WINDOWS\system32\NLAapi.dll
0x00007ffd677e0000 - 0x00007ffd6789e000 	C:\WINDOWS\SYSTEM32\DNSAPI.dll
0x00007ffd695a0000 - 0x00007ffd695a8000 	C:\WINDOWS\System32\NSI.dll
0x00007ffd67790000 - 0x00007ffd677c8000 	C:\WINDOWS\SYSTEM32\IPHLPAPI.DLL
0x00007ffd5eba0000 - 0x00007ffd5ebae000 	C:\WINDOWS\System32\winrnr.dll
0x00007ffd5cce0000 - 0x00007ffd5ccea000 	C:\Windows\System32\rasadhlp.dll
0x00007ffd63aa0000 - 0x00007ffd63b12000 	C:\WINDOWS\System32\fwpuclnt.dll
0x00007ffd67cf0000 - 0x00007ffd67d15000 	C:\WINDOWS\SYSTEM32\bcrypt.dll
0x00000000610b0000 - 0x00000000610c1000 	C:\Program Files\Java\jdk1.8.0_191\jre\bin\nio.dll
0x00007ffd67bc0000 - 0x00007ffd67bd7000 	C:\WINDOWS\SYSTEM32\CRYPTSP.dll
0x00007ffd67360000 - 0x00007ffd67393000 	C:\WINDOWS\system32\rsaenh.dll
0x00007ffd68090000 - 0x00007ffd680b8000 	C:\WINDOWS\SYSTEM32\USERENV.dll
0x00007ffd67be0000 - 0x00007ffd67beb000 	C:\WINDOWS\SYSTEM32\CRYPTBASE.dll
0x00007ffd63710000 - 0x00007ffd63726000 	C:\WINDOWS\SYSTEM32\dhcpcsvc6.DLL
0x00007ffd62200000 - 0x00007ffd6221a000 	C:\WINDOWS\SYSTEM32\dhcpcsvc.DLL
0x00007ffd5efd0000 - 0x00007ffd5f199000 	C:\WINDOWS\SYSTEM32\dbghelp.dll

VM Arguments:
jvm_args: -Dfile.encoding=UTF-8 
java_command: app.ReactApplication
java_class_path (initial): C:\Users\Vladimir.JOVICIC\workspace\React\target\classes;C:\Users\Vladimir.JOVICIC\.m2\repository\org\springframework\boot\spring-boot-starter-web\1.5.8.RELEASE\spring-boot-starter-web-1.5.8.RELEASE.jar;C:\Users\Vladimir.JOVICIC\.m2\repository\org\springframework\boot\spring-boot-starter\1.5.8.RELEASE\spring-boot-starter-1.5.8.RELEASE.jar;C:\Users\Vladimir.JOVICIC\.m2\repository\org\springframework\boot\spring-boot\1.5.8.RELEASE\spring-boot-1.5.8.RELEASE.jar;C:\Users\Vladimir.JOVICIC\.m2\repository\org\springframework\boot\spring-boot-autoconfigure\1.5.8.RELEASE\spring-boot-autoconfigure-1.5.8.RELEASE.jar;C:\Users\Vladimir.JOVICIC\.m2\repository\org\springframework\boot\spring-boot-starter-logging\1.5.8.RELEASE\spring-boot-starter-logging-1.5.8.RELEASE.jar;C:\Users\Vladimir.JOVICIC\.m2\repository\ch\qos\logback\logback-classic\1.1.11\logback-classic-1.1.11.jar;C:\Users\Vladimir.JOVICIC\.m2\repository\ch\qos\logback\logback-core\1.1.11\logback-core-1.1.11.jar;C:\Users\Vladimir.JOVICIC\.m2\repository\org\slf4j\jul-to-slf4j\1.7.25\jul-to-slf4j-1.7.25.jar;C:\Users\Vladimir.JOVICIC\.m2\repository\org\slf4j\log4j-over-slf4j\1.7.25\log4j-over-slf4j-1.7.25.jar;C:\Users\Vladimir.JOVICIC\.m2\repository\org\yaml\snakeyaml\1.17\snakeyaml-1.17.jar;C:\Users\Vladimir.JOVICIC\.m2\repository\org\springframework\boot\spring-boot-starter-tomcat\1.5.8.RELEASE\spring-boot-starter-tomcat-1.5.8.RELEASE.jar;C:\Users\Vladimir.JOVICIC\.m2\repository\org\apache\tomcat\embed\tomcat-embed-core\8.5.23\tomcat-embed-core-8.5.23.jar;C:\Users\Vladimir.JOVICIC\.m2\repository\org\apache\tomcat\tomcat-annotations-api\8.5.23\tomcat-annotations-api-8.5.23.jar;C:\Users\Vladimir.JOVICIC\.m2\repository\org\apache\tomcat\embed\tomcat-embed-el\8.5.23\tomcat-embed-el-8.5.23.jar;C:\Users\Vladimir.JOVICIC\.m2\repository\org\apache\tomcat\embed\tomcat-embed-websocket\8.5.23\tomcat-embed-websocket-8.5.23.jar;C:\Users\Vladimir.JOVICIC\.m2\repository\org\hibernate\hibernate-validator\5.3
Launcher Type: SUN_STANDARD

Environment Variables:
JAVA_HOME=C:\Program Files\Java\jdk1.8.0_191
CLASSPATH=.;
PATH=C:/Program Files/Java/jdk1.8.0_191/bin/../jre/bin/server;C:/Program Files/Java/jdk1.8.0_191/bin/../jre/bin;C:/Program Files/Java/jdk1.8.0_191/bin/../jre/lib/amd64;C:\WINDOWS\system32;C:\WINDOWS;C:\WINDOWS\System32\Wbem;C:\WINDOWS\System32\WindowsPowerShell\v1.0\;C:\ProgramData\chocolatey\bin;C:\Program Files\Java\jdk1.8.0_191\bin;C:\Program Files\nodejs\;C:\WINDOWS\System32\OpenSSH\;C:\Users\Vladimir.JOVICIC\AppData\Local\Microsoft\WindowsApps;C:\Users\Vladimir.JOVICIC\AppData\Roaming\npm;C:\Users\Vladimir.JOVICIC\AppData\Local\Programs\Microsoft VS Code\bin;;C:\Users\Vladimir.JOVICIC\Desktop\eclipse;
USERNAME=Vladimir.JOVICIC
OS=Windows_NT
PROCESSOR_IDENTIFIER=Intel64 Family 6 Model 158 Stepping 9, GenuineIntel



---------------  S Y S T E M  ---------------

OS: Windows 10.0 , 64 bit Build 17134 (10.0.17134.1)

CPU:total 4 (initial active 4) (2 cores per cpu, 2 threads per core) family 6 model 158 stepping 9, cmov, cx8, fxsr, mmx, sse, sse2, sse3, ssse3, sse4.1, sse4.2, popcnt, aes, clmul, erms, 3dnowpref, lzcnt, ht, tsc, tscinvbit

Memory: 4k page, physical 8252160k(2845020k free), swap 9562880k(2463848k free)

vm_info: Java HotSpot(TM) 64-Bit Server VM (25.191-b12) for windows-amd64 JRE (1.8.0_191-b12), built on Oct  6 2018 09:29:03 by "java_re" with MS VC++ 10.0 (VS2010)

time: Mon Jan 14 10:54:34 2019
elapsed time: 34 seconds (0d 0h 0m 34s)

